<?xml version="1.0" encoding="UTF-8"?>
<!-- Generated by org.testng.reporters.JUnitXMLReporter -->
<testsuite ignored="0" hostname="sreevani" failures="0" tests="4" name="Default test" time="0.096" errors="0" timestamp="2024-08-08T11:18:41 IST">
  <testcase classname="com.Amazonkart.generic.common.Baseclass" name="@BeforeClass browserSetup" time="-1.723096121559E9">
    <failure type="org.testng.TestNGException" message="
Parameter &amp;apos;browser&amp;apos; is required by BeforeClass on method browserSetup but has not been marked @Optional or defined
in C:\Users\talar\AppData\Local\Temp\testng-eclipse--69370186\testng-customsuite.xml">
      <![CDATA[org.testng.TestNGException: 
Parameter 'browser' is required by BeforeClass on method browserSetup but has not been marked @Optional or defined
in C:\Users\talar\AppData\Local\Temp\testng-eclipse--69370186\testng-customsuite.xml
at org.testng.internal.Parameters.createParams(Parameters.java:268)
at org.testng.internal.Parameters.createParametersForMethod(Parameters.java:356)
at org.testng.internal.Parameters.createParameters(Parameters.java:700)
at org.testng.internal.Parameters.createConfigurationParameters(Parameters.java:166)
at org.testng.internal.ConfigInvoker.invokeConfigurations(ConfigInvoker.java:301)
at org.testng.internal.TestMethodWorker.invokeBeforeClassMethods(TestMethodWorker.java:176)
at org.testng.internal.TestMethodWorker.run(TestMethodWorker.java:122)
at java.base/java.util.ArrayList.forEach(ArrayList.java:1596)
at org.testng.TestRunner.privateRun(TestRunner.java:764)
at org.testng.TestRunner.run(TestRunner.java:585)
at org.testng.SuiteRunner.runTest(SuiteRunner.java:384)
at org.testng.SuiteRunner.runSequentially(SuiteRunner.java:378)
at org.testng.SuiteRunner.privateRun(SuiteRunner.java:337)
at org.testng.SuiteRunner.run(SuiteRunner.java:286)
at org.testng.SuiteRunnerWorker.runSuite(SuiteRunnerWorker.java:53)
at org.testng.SuiteRunnerWorker.run(SuiteRunnerWorker.java:96)
at org.testng.TestNG.runSuitesSequentially(TestNG.java:1218)
at org.testng.TestNG.runSuitesLocally(TestNG.java:1140)
at org.testng.TestNG.runSuites(TestNG.java:1069)
at org.testng.TestNG.run(TestNG.java:1037)
at org.testng.remote.AbstractRemoteTestNG.run(AbstractRemoteTestNG.java:115)
at org.testng.remote.RemoteTestNG.initAndRun(RemoteTestNG.java:251)
at org.testng.remote.RemoteTestNG.main(RemoteTestNG.java:77)
]]>
    </failure>
  </testcase> <!-- @BeforeClass browserSetup -->
  <testcase classname="com.Amazonkart.generic.common.Baseclass" name="@BeforeMethod login" time="-1.723096121587E9">
    <skipped/>
  </testcase> <!-- @BeforeMethod login -->
  <testcase classname="com.Amazonkart.generic.common.Baseclass" name="@AfterMethod Logout" time="-1.723096121598E9">
    <skipped/>
  </testcase> <!-- @AfterMethod Logout -->
  <testcase classname="com.Amazonkart.generic.common.Baseclass" name="@BeforeMethod login" time="-1.723096121601E9">
    <skipped/>
  </testcase> <!-- @BeforeMethod login -->
  <testcase classname="com.Amazonkart.generic.common.Baseclass" name="@AfterMethod Logout" time="-1.72309612161E9">
    <skipped/>
  </testcase> <!-- @AfterMethod Logout -->
  <testcase classname="com.Amazonkart.generic.common.Baseclass" name="@BeforeMethod login" time="-1.723096121613E9">
    <skipped/>
  </testcase> <!-- @BeforeMethod login -->
  <testcase classname="com.Amazonkart.generic.common.Baseclass" name="@AfterMethod Logout" time="-1.723096121621E9">
    <skipped/>
  </testcase> <!-- @AfterMethod Logout -->
  <testcase classname="com.Amazonkart.generic.common.Baseclass" name="@BeforeMethod login" time="-1.723096121623E9">
    <skipped/>
  </testcase> <!-- @BeforeMethod login -->
  <testcase classname="com.Amazonkart.generic.common.Baseclass" name="@AfterMethod Logout" time="-1.72309612163E9">
    <skipped/>
  </testcase> <!-- @AfterMethod Logout -->
  <testcase classname="com.Amazonkart.generic.common.Baseclass" name="@AfterClass closebrowser" time="-1.723096121632E9">
    <skipped/>
  </testcase> <!-- @AfterClass closebrowser -->
  <testcase classname="com.Amazon.regestertest.RegesterTest" name="createUser_invalidData" time="0.0">
    <skipped/>
  </testcase> <!-- createUser_invalidData -->
  <testcase classname="com.Amazon.regestertest.RegesterTest" name="createUser_invalidData" time="0.0">
    <skipped/>
  </testcase> <!-- createUser_invalidData -->
  <testcase classname="com.Amazon.regestertest.RegesterTest" name="createUser_invalidData" time="0.0">
    <skipped/>
  </testcase> <!-- createUser_invalidData -->
  <testcase classname="com.Amazon.regestertest.RegesterTest" name="createUser_validData" time="0.0">
    <skipped/>
  </testcase> <!-- createUser_validData -->
</testsuite> <!-- Default test -->
